2023-04-17 16:23:33.548 | INFO     | logger:log:13 - First sync
2023-04-17 16:26:01.405 | INFO     | logger:log:13 - Number of flomo memos to sync: 234
2023-04-17 16:26:15.260 | INFO     | logger:log:13 - Finished syncing flomo memos to Readwise
2023-04-17 16:26:15.261 | INFO     | logger:log:13 - Update last sync time: 2023-04-17 16:26:15.260891
2023-04-17 16:26:15.261 | INFO     | logger:log:13 - Finished
2023-04-17 16:26:15.261 | INFO     | logger:log:13 - 
2023-04-17 17:39:14.657 | INFO     | logger:log:13 - Last sync time: 2023-04-17 16:26:15.260891
2023-04-17 17:39:18.856 | INFO     | logger:log:13 - Number of flomo memos to sync: 0
2023-04-17 17:39:18.856 | INFO     | logger:log:13 - No flomo memos to sync
2023-04-17 17:39:18.857 | INFO     | logger:log:13 - Update last sync time: 2023-04-17 17:39:18.857051
2023-04-17 17:39:18.857 | INFO     | logger:log:13 - Finished
2023-04-17 17:39:18.857 | INFO     | logger:log:13 - 
2023-04-17 17:46:48.297 | INFO     | logger:log:13 - Last sync time: 2023-04-16 17:39:18.857051
2023-04-17 17:48:22.126 | INFO     | logger:log:13 - Number of flomo memos to sync: 237
2023-04-17 17:48:23.526 | INFO     | logger:log:13 - Finished syncing flomo memos to Readwise
2023-04-17 17:48:23.527 | INFO     | logger:log:13 - Update last sync time: 2023-04-17 17:48:23.527236
2023-04-17 17:48:23.527 | INFO     | logger:log:13 - Finished
2023-04-17 17:48:23.528 | INFO     | logger:log:13 - 
2023-04-17 18:00:57.435 | INFO     | logger:log:13 - Last sync time: 2023-04-17 17:48:23.527236
2023-04-17 18:01:03.010 | INFO     | logger:log:13 - Number of flomo memos to sync: 0
2023-04-17 18:01:03.010 | INFO     | logger:log:13 - No flomo memos to sync
2023-04-17 18:01:03.011 | INFO     | logger:log:13 - Update last sync time: 2023-04-17 18:01:03.010960
2023-04-17 18:01:03.011 | INFO     | logger:log:13 - Finished
2023-04-17 18:01:03.011 | INFO     | logger:log:13 - 
2023-04-18 03:19:08.356 | INFO     | logger:log:13 - Last sync time: 2023-04-17 18:01:03.010960
2023-04-18 03:19:43.879 | INFO     | logger:log:13 - Number of flomo memos to sync: 20
2023-04-18 03:19:44.233 | INFO     | logger:log:13 - Finished syncing flomo memos to Readwise
2023-04-18 03:19:44.234 | INFO     | logger:log:13 - Update last sync time: 2023-04-18 03:19:44.233961
2023-04-18 03:19:44.235 | INFO     | logger:log:13 - Finished
2023-04-18 03:19:44.235 | INFO     | logger:log:13 - 
2023-04-19 03:19:55.553 | INFO     | logger:log:13 - Last sync time: 2023-04-18 03:19:44.233961
2023-04-19 03:20:48.625 | INFO     | logger:log:13 - Number of flomo memos to sync: 17
2023-04-19 03:20:48.977 | INFO     | logger:log:13 - Finished syncing flomo memos to Readwise
2023-04-19 03:20:48.978 | INFO     | logger:log:13 - Update last sync time: 2023-04-19 03:20:48.978216
2023-04-19 03:20:48.978 | INFO     | logger:log:13 - Finished
2023-04-19 03:20:48.978 | INFO     | logger:log:13 - 
2023-04-20 03:19:31.897 | INFO     | logger:log:13 - Last sync time: 2023-04-19 03:20:48.978216
2023-04-20 03:19:39.375 | INFO     | logger:log:13 - Number of flomo memos to sync: 3
2023-04-20 03:19:39.863 | INFO     | logger:log:13 - Finished syncing flomo memos to Readwise
2023-04-20 03:19:39.864 | INFO     | logger:log:13 - Update last sync time: 2023-04-20 03:19:39.864564
2023-04-20 03:19:39.865 | INFO     | logger:log:13 - Finished
2023-04-20 03:19:39.865 | INFO     | logger:log:13 - 
2023-04-21 03:19:26.532 | INFO     | logger:log:13 - Last sync time: 2023-04-20 03:19:39.864564
2023-04-21 03:19:37.571 | INFO     | logger:log:13 - Number of flomo memos to sync: 8
2023-04-21 03:19:38.200 | INFO     | logger:log:13 - Finished syncing flomo memos to Readwise
2023-04-21 03:19:38.201 | INFO     | logger:log:13 - Update last sync time: 2023-04-21 03:19:38.200972
2023-04-21 03:19:38.201 | INFO     | logger:log:13 - Finished
2023-04-21 03:19:38.201 | INFO     | logger:log:13 - 
2023-04-22 03:19:25.209 | INFO     | logger:log:13 - Last sync time: 2023-04-21 03:19:38.200972
2023-04-22 03:19:27.606 | INFO     | logger:log:13 - Number of flomo memos to sync: 0
2023-04-22 03:19:27.606 | INFO     | logger:log:13 - No flomo memos to sync
2023-04-22 03:19:27.606 | INFO     | logger:log:13 - Update last sync time: 2023-04-22 03:19:27.606719
2023-04-22 03:19:27.607 | INFO     | logger:log:13 - Finished
2023-04-22 03:19:27.607 | INFO     | logger:log:13 - 
2023-04-23 03:19:28.310 | INFO     | logger:log:13 - Last sync time: 2023-04-22 03:19:27.606719
2023-04-23 03:19:30.035 | INFO     | logger:log:13 - Number of flomo memos to sync: 0
2023-04-23 03:19:30.035 | INFO     | logger:log:13 - No flomo memos to sync
2023-04-23 03:19:30.036 | INFO     | logger:log:13 - Update last sync time: 2023-04-23 03:19:30.036148
2023-04-23 03:19:30.036 | INFO     | logger:log:13 - Finished
2023-04-23 03:19:30.036 | INFO     | logger:log:13 - 
2023-04-24 03:19:44.946 | INFO     | logger:log:13 - Last sync time: 2023-04-23 03:19:30.036148
2023-04-24 03:19:50.477 | INFO     | logger:log:13 - Number of flomo memos to sync: 0
2023-04-24 03:19:50.478 | INFO     | logger:log:13 - No flomo memos to sync
2023-04-24 03:19:50.478 | INFO     | logger:log:13 - Update last sync time: 2023-04-24 03:19:50.478381
2023-04-24 03:19:50.478 | INFO     | logger:log:13 - Finished
2023-04-24 03:19:50.478 | INFO     | logger:log:13 - 
2023-04-25 03:19:26.554 | INFO     | logger:log:13 - Last sync time: 2023-04-24 03:19:50.478381
2023-04-25 03:19:30.258 | INFO     | logger:log:13 - Number of flomo memos to sync: 0
2023-04-25 03:19:30.258 | INFO     | logger:log:13 - No flomo memos to sync
2023-04-25 03:19:30.258 | INFO     | logger:log:13 - Update last sync time: 2023-04-25 03:19:30.258673
2023-04-25 03:19:30.259 | INFO     | logger:log:13 - Finished
2023-04-25 03:19:30.259 | INFO     | logger:log:13 - 
